***************************** MONITORING MAIN CODE RUN *****************************

 ************************************ Parsed Data ************************************
 
   number of epoch =       50
   batch size =            2
   validation fraction =   0.1
   stop patience =         5
   picture height =        256
   picture width =         256
   number of channels =    3
   save plots =            1
   Create Log File =       1
 ************************************************************************************
 
 
 ********************************** COMPUTER SPEC **********************************
 Data analsys is done on the system with following spec:

 platform----------------------> Windows
 platform-release--------------> 7
 platform-version--------------> 6.1.7601
 architecture------------------> AMD64
 hostname----------------------> Home-PC
 ip-address--------------------> 127.0.0.1
 mac-address-------------------> 14:da:e9:0d:c0:03
 processor---------------------> Intel64 Family 6 Model 42 Stepping 7, GenuineIntel
 ram---------------------------> 4 GB
 ************************************************************************************
 
 Pictures preprocessed successfully
 U_Net model Created
 U_Net model trained
 U_Net model evaulated after training by test samples
 Final results plotted successfully
 
 *********************************** Loss and IOU ***********************************
 
      Epoch No       Loss      Val Loss  IOU       Val IOU
 _ _ _ _ _ _ _ _ _ _ _ _ _ _ _ _ _ _ _ _ _ _ _ _ _ _ _ _ _ _ 
      1              44.52     59.32     39.09     47.86
      2              33.16     26.01     52.55     54.07
      3              31.99     43.88     55.43     56.54
      4              30.3      37.11     57.34     58.15
      5              30.86     25.7      58.45     58.98
      6              27.91     30.37     59.54     59.95
      7              29.04     24.96     60.28     60.48
      8              27.96     23.62     60.67     61.0
      9              26.96     23.81     61.17     61.4
      10              27.4      29.09     61.44     61.69
      11             26.87     21.69     61.85     62.01
      12             26.86     21.11     62.1      62.2
      13             25.74     23.99     62.31     62.48
      14             26.21     24.98     62.55     62.64
      15             25.93     23.43     62.76     62.86
      16             27.04     22.85     62.92     63.01
      17             25.0      22.87     63.19     63.27
